2025-01-05 13:04:32.230461 | DEBUG |server timeout | 3sec  
2025-01-05 13:04:32.312600 | INFO |server timeout | 2sec  
2025-01-05 13:04:32.358519 | DEBUG |out of memory | 5sec  
2025-01-05 13:04:32.440169 | WARN |successful | 5sec  
2025-01-05 13:04:32.508770 | ERROR |successful | 1sec  
2025-01-05 13:04:32.576205 | INFO |successful | 3sec  
2025-01-05 13:04:32.607102 | INFO |successful | 4sec  
2025-01-05 13:04:32.676934 | ERROR |out of memory | 4sec  
2025-01-05 13:04:32.761959 | WARN |server timeout | 3sec  
2025-01-05 13:04:32.848933 | WARN |out of memory | 4sec  
2025-01-05 13:04:32.931540 | INFO |successful | 5sec  
2025-01-05 13:04:32.965914 | DEBUG |successful | 5sec  
2025-01-05 13:04:32.999128 | ERROR |out of memory | 2sec  
2025-01-05 13:04:33.079661 | INFO |timedout | 1sec  
2025-01-05 13:04:33.135848 | WARN |successful | 3sec  
2025-01-05 13:04:33.197051 | INFO |timedout | 3sec  
2025-01-05 13:04:33.235217 | ERROR |server timeout | 5sec  
2025-01-05 13:04:33.311706 | DEBUG |successful | 2sec  
2025-01-05 13:04:33.365590 | WARN |out of memory | 2sec  
2025-01-05 13:04:33.447924 | WARN |server timeout | 3sec  
2025-01-05 13:04:33.518676 | WARN |successful | 4sec  
2025-01-05 13:04:33.534792 | ERROR |successful | 1sec  
2025-01-05 13:04:33.587467 | DEBUG |timedout | 3sec  
2025-01-05 13:04:33.681721 | WARN |server timeout | 1sec  
2025-01-05 13:04:33.704376 | ERROR |successful | 2sec  
2025-01-05 13:04:33.777148 | WARN |out of memory | 5sec  
2025-01-05 13:04:33.806938 | DEBUG |out of memory | 5sec  
2025-01-05 13:04:33.891406 | ERROR |timedout | 5sec  
2025-01-05 13:04:33.952100 | ERROR |out of memory | 1sec  
2025-01-05 13:04:34.020968 | DEBUG |server timeout | 3sec  
2025-01-05 13:04:34.072977 | INFO |successful | 5sec  
2025-01-05 13:04:34.165560 | DEBUG |out of memory | 4sec  
2025-01-05 13:04:34.220781 | DEBUG |server timeout | 3sec  
2025-01-05 13:04:34.283025 | INFO |timedout | 4sec  
2025-01-05 13:04:34.319173 | WARN |timedout | 5sec  
2025-01-05 13:04:34.373933 | ERROR |server timeout | 3sec  
2025-01-05 13:04:34.395566 | INFO |out of memory | 2sec  
2025-01-05 13:04:34.442594 | DEBUG |successful | 2sec  
2025-01-05 13:04:34.468723 | WARN |out of memory | 4sec  
2025-01-05 13:04:34.503352 | WARN |out of memory | 4sec  
2025-01-05 13:04:34.595137 | DEBUG |successful | 2sec  
2025-01-05 13:04:34.677648 | DEBUG |successful | 5sec  
2025-01-05 13:04:34.771781 | DEBUG |timedout | 5sec  
2025-01-05 13:04:34.809429 | DEBUG |successful | 2sec  
2025-01-05 13:04:34.877196 | WARN |timedout | 2sec  
2025-01-05 13:04:34.904782 | DEBUG |timedout | 4sec  
2025-01-05 13:04:34.998509 | DEBUG |server timeout | 4sec  
2025-01-05 13:04:35.057390 | DEBUG |server timeout | 2sec  
2025-01-05 13:04:35.124633 | WARN |server timeout | 4sec  
2025-01-05 13:04:35.139601 | DEBUG |timedout | 1sec  
2025-01-05 13:04:35.199234 | WARN |server timeout | 1sec  
2025-01-05 13:04:35.224359 | ERROR |server timeout | 3sec  
2025-01-05 13:04:35.280792 | WARN |out of memory | 3sec  
2025-01-05 13:04:35.365130 | ERROR |successful | 1sec  
2025-01-05 13:04:35.457264 | INFO |timedout | 4sec  
2025-01-05 13:04:35.486572 | ERROR |timedout | 4sec  
2025-01-05 13:04:35.574780 | DEBUG |out of memory | 2sec  
2025-01-05 13:04:35.670501 | WARN |server timeout | 3sec  
2025-01-05 13:04:35.704794 | WARN |server timeout | 4sec  
2025-01-05 13:04:35.803326 | WARN |server timeout | 2sec  
2025-01-05 13:04:35.844447 | DEBUG |out of memory | 1sec  
2025-01-05 13:04:35.886456 | DEBUG |server timeout | 1sec  
2025-01-05 13:04:35.941559 | WARN |out of memory | 1sec  
2025-01-05 13:04:36.027577 | WARN |out of memory | 3sec  
2025-01-05 13:04:36.119161 | ERROR |server timeout | 2sec  
2025-01-05 13:04:36.204364 | ERROR |server timeout | 1sec  
2025-01-05 13:04:36.241905 | INFO |server timeout | 2sec  
2025-01-05 13:04:36.311489 | INFO |server timeout | 2sec  
2025-01-05 13:04:36.410360 | WARN |server timeout | 4sec  
2025-01-05 13:04:36.483411 | WARN |server timeout | 1sec  
2025-01-05 13:04:36.517526 | INFO |server timeout | 5sec  
2025-01-05 13:04:36.544417 | WARN |timedout | 2sec  
2025-01-05 13:04:36.618788 | WARN |out of memory | 5sec  
2025-01-05 13:04:36.718907 | INFO |server timeout | 2sec  
2025-01-05 13:04:36.765288 | INFO |server timeout | 4sec  
2025-01-05 13:04:36.835506 | DEBUG |timedout | 3sec  
2025-01-05 13:04:36.904783 | ERROR |out of memory | 2sec  
2025-01-05 13:04:36.971505 | INFO |out of memory | 5sec  
2025-01-05 13:04:37.054735 | INFO |successful | 2sec  
2025-01-05 13:04:37.138966 | INFO |out of memory | 4sec  
2025-01-05 13:04:37.183551 | INFO |server timeout | 5sec  
2025-01-05 13:04:37.267159 | WARN |server timeout | 2sec  
2025-01-05 13:04:37.279002 | WARN |successful | 5sec  
2025-01-05 13:04:37.295576 | WARN |server timeout | 2sec  
2025-01-05 13:04:37.392177 | WARN |timedout | 4sec  
2025-01-05 13:04:37.473465 | DEBUG |out of memory | 5sec  
2025-01-05 13:04:37.491799 | INFO |out of memory | 2sec  
2025-01-05 13:04:37.579359 | WARN |timedout | 4sec  
2025-01-05 13:04:37.645223 | WARN |server timeout | 3sec  
2025-01-05 13:04:37.692702 | WARN |successful | 5sec  
2025-01-05 13:04:37.749109 | INFO |server timeout | 1sec  
2025-01-05 13:04:37.827312 | DEBUG |timedout | 4sec  
2025-01-05 13:04:37.871814 | INFO |server timeout | 4sec  
2025-01-05 13:04:37.954043 | INFO |out of memory | 2sec  
2025-01-05 13:04:38.053861 | DEBUG |timedout | 5sec  
2025-01-05 13:04:38.122366 | INFO |out of memory | 2sec  
2025-01-05 13:04:38.215059 | INFO |successful | 5sec  
2025-01-05 13:04:38.265314 | ERROR |timedout | 4sec  
2025-01-05 13:04:38.290728 | INFO |timedout | 3sec  
2025-01-05 13:04:38.303674 | INFO |timedout | 5sec  
2025-01-05 13:04:38.356912 | INFO |out of memory | 2sec  
2025-01-05 13:04:38.435507 | INFO |server timeout | 5sec  
2025-01-05 13:04:38.460785 | ERROR |timedout | 2sec  
2025-01-05 13:04:38.546258 | DEBUG |timedout | 2sec  
2025-01-05 13:04:38.604597 | WARN |successful | 4sec  
2025-01-05 13:04:38.637192 | ERROR |server timeout | 5sec  
2025-01-05 13:04:38.648973 | ERROR |out of memory | 4sec  
2025-01-05 13:04:38.739396 | ERROR |successful | 2sec  
2025-01-05 13:04:38.819777 | DEBUG |timedout | 1sec  
2025-01-05 13:04:38.835696 | DEBUG |timedout | 1sec  
2025-01-05 13:04:38.921347 | INFO |out of memory | 1sec  
2025-01-05 13:04:38.967642 | WARN |out of memory | 5sec  
2025-01-05 13:04:38.981737 | INFO |successful | 5sec  
2025-01-05 13:04:39.083507 | INFO |server timeout | 1sec  
2025-01-05 13:04:39.125133 | ERROR |timedout | 5sec  
2025-01-05 13:04:39.221303 | ERROR |out of memory | 5sec  
2025-01-05 13:04:39.244729 | INFO |out of memory | 4sec  
2025-01-05 13:04:39.342614 | WARN |out of memory | 3sec  
2025-01-05 13:04:39.434317 | INFO |successful | 4sec  
2025-01-05 13:04:39.455233 | WARN |successful | 1sec  
2025-01-05 13:04:39.535920 | ERROR |successful | 2sec  
2025-01-05 13:04:39.570317 | ERROR |server timeout | 3sec  
2025-01-05 13:04:39.625946 | DEBUG |out of memory | 5sec  
2025-01-05 13:04:39.653108 | DEBUG |out of memory | 4sec  
2025-01-05 13:04:39.694739 | WARN |server timeout | 2sec  
2025-01-05 13:04:39.792826 | INFO |successful | 5sec  
2025-01-05 13:04:39.817671 | DEBUG |timedout | 1sec  
2025-01-05 13:04:39.871443 | WARN |timedout | 4sec  
2025-01-05 13:04:39.947340 | INFO |successful | 1sec  
2025-01-05 13:04:39.986995 | WARN |server timeout | 3sec  
2025-01-05 13:04:40.025179 | DEBUG |timedout | 5sec  
2025-01-05 13:04:40.099045 | DEBUG |timedout | 4sec  
2025-01-05 13:04:40.207262 | ERROR |timedout | 2sec  
2025-01-05 13:04:40.303137 | DEBUG |timedout | 3sec  
2025-01-05 13:04:40.388958 | WARN |out of memory | 5sec  
2025-01-05 13:04:40.426628 | WARN |out of memory | 3sec  
2025-01-05 13:04:40.465234 | INFO |out of memory | 4sec  
2025-01-05 13:04:40.527205 | DEBUG |timedout | 2sec  
2025-01-05 13:04:40.611831 | ERROR |timedout | 3sec  
2025-01-05 13:04:40.632331 | INFO |successful | 4sec  
2025-01-05 13:04:40.685575 | WARN |server timeout | 5sec  
2025-01-05 13:04:40.746917 | DEBUG |server timeout | 4sec  
2025-01-05 13:04:40.762235 | ERROR |out of memory | 1sec  
2025-01-05 13:04:40.811747 | ERROR |out of memory | 2sec  
2025-01-05 13:04:40.915370 | WARN |timedout | 1sec  
2025-01-05 13:04:40.993756 | DEBUG |timedout | 5sec  
2025-01-05 13:04:41.014738 | DEBUG |timedout | 4sec  
2025-01-05 13:04:41.054401 | DEBUG |timedout | 1sec  
2025-01-05 13:04:41.083365 | DEBUG |timedout | 4sec  
2025-01-05 13:04:41.169168 | WARN |server timeout | 3sec  
2025-01-05 13:04:41.226885 | INFO |timedout | 1sec  
2025-01-05 13:04:41.255161 | INFO |successful | 3sec  
2025-01-05 13:04:41.274276 | ERROR |server timeout | 1sec  
2025-01-05 13:04:41.296147 | ERROR |timedout | 5sec  
2025-01-05 13:04:41.338232 | ERROR |timedout | 5sec  
2025-01-05 13:04:41.359139 | ERROR |successful | 5sec  
2025-01-05 13:04:41.444946 | ERROR |out of memory | 2sec  
2025-01-05 13:04:41.491135 | DEBUG |successful | 5sec  
2025-01-05 13:04:41.534434 | ERROR |server timeout | 2sec  
2025-01-05 13:04:41.586318 | INFO |successful | 3sec  
2025-01-05 13:04:41.665716 | ERROR |out of memory | 1sec  
2025-01-05 13:04:41.751158 | DEBUG |successful | 2sec  
2025-01-05 13:04:41.841846 | DEBUG |timedout | 2sec  
2025-01-05 13:04:41.912450 | WARN |server timeout | 2sec  
2025-01-05 13:04:41.971519 | ERROR |timedout | 3sec  
2025-01-05 13:04:42.036971 | ERROR |timedout | 2sec  
2025-01-05 13:04:42.095097 | ERROR |server timeout | 4sec  
2025-01-05 13:04:42.124762 | WARN |timedout | 2sec  
2025-01-05 13:04:42.143073 | ERROR |out of memory | 2sec  
2025-01-05 13:04:42.225295 | ERROR |out of memory | 4sec  
2025-01-05 13:04:42.325870 | ERROR |server timeout | 4sec  
2025-01-05 13:04:42.375456 | DEBUG |out of memory | 3sec  
2025-01-05 13:04:42.476668 | WARN |out of memory | 2sec  
2025-01-05 13:04:42.557344 | INFO |out of memory | 1sec  
2025-01-05 13:04:42.581212 | INFO |timedout | 4sec  
2025-01-05 13:04:42.639192 | INFO |timedout | 4sec  
2025-01-05 13:04:42.710112 | DEBUG |out of memory | 3sec  
2025-01-05 13:04:42.745254 | ERROR |timedout | 5sec  
2025-01-05 13:04:42.782820 | INFO |timedout | 4sec  
2025-01-05 13:04:42.821600 | WARN |successful | 5sec  
2025-01-05 13:04:42.881325 | INFO |server timeout | 1sec  
2025-01-05 13:04:42.939948 | WARN |server timeout | 1sec  
2025-01-05 13:04:43.036161 | WARN |server timeout | 3sec  
2025-01-05 13:04:43.110712 | DEBUG |server timeout | 4sec  
2025-01-05 13:04:43.178263 | INFO |server timeout | 2sec  
2025-01-05 13:04:43.237177 | INFO |timedout | 4sec  
2025-01-05 13:04:43.295714 | WARN |timedout | 2sec  
2025-01-05 13:04:43.364743 | DEBUG |timedout | 5sec  
2025-01-05 13:04:43.428915 | WARN |timedout | 1sec  
2025-01-05 13:04:43.474011 | WARN |successful | 2sec  
2025-01-05 13:04:43.559798 | WARN |server timeout | 5sec  
2025-01-05 13:04:43.587116 | DEBUG |timedout | 5sec  
2025-01-05 13:04:43.616079 | INFO |timedout | 2sec  
2025-01-05 13:04:43.715364 | INFO |timedout | 2sec  
2025-01-05 13:04:43.763542 | DEBUG |timedout | 3sec  
2025-01-05 13:04:43.827165 | WARN |timedout | 4sec  
2025-01-05 13:04:43.873007 | WARN |successful | 4sec  
2025-01-05 13:04:43.936836 | WARN |timedout | 1sec  
2025-01-05 13:04:44.004754 | DEBUG |successful | 1sec  
2025-01-05 13:04:44.062964 | WARN |server timeout | 5sec  
2025-01-05 13:04:44.125001 | WARN |timedout | 2sec  
2025-01-05 13:04:44.206355 | ERROR |successful | 4sec  
2025-01-05 13:04:44.298017 | DEBUG |successful | 1sec  
2025-01-05 13:04:44.374767 | ERROR |out of memory | 2sec  
2025-01-05 13:04:44.389654 | INFO |timedout | 5sec  
2025-01-05 13:04:44.447418 | DEBUG |server timeout | 4sec  
2025-01-05 13:04:44.522699 | ERROR |server timeout | 2sec  
2025-01-05 13:04:44.599222 | WARN |out of memory | 1sec  
2025-01-05 13:04:44.610750 | WARN |out of memory | 5sec  
2025-01-05 13:04:44.655579 | INFO |server timeout | 1sec  
2025-01-05 13:04:44.686556 | ERROR |successful | 1sec  
2025-01-05 13:04:44.728569 | DEBUG |out of memory | 3sec  
2025-01-05 13:04:44.797590 | INFO |out of memory | 1sec  
2025-01-05 13:04:44.873377 | ERROR |out of memory | 5sec  
2025-01-05 13:04:44.967620 | ERROR |timedout | 5sec  
2025-01-05 13:04:45.024270 | DEBUG |server timeout | 4sec  
2025-01-05 13:04:45.091711 | INFO |server timeout | 5sec  
2025-01-05 13:04:45.162236 | ERROR |out of memory | 1sec  
2025-01-05 13:04:45.264789 | INFO |successful | 2sec  
2025-01-05 13:04:45.293789 | INFO |successful | 1sec  
2025-01-05 13:04:45.352889 | WARN |timedout | 5sec  
2025-01-05 13:04:45.398123 | DEBUG |server timeout | 4sec  
2025-01-05 13:04:45.470281 | DEBUG |server timeout | 3sec  
2025-01-05 13:04:45.552139 | WARN |successful | 3sec  
2025-01-05 13:04:45.575576 | DEBUG |timedout | 2sec  
2025-01-05 13:04:45.676616 | ERROR |timedout | 3sec  
2025-01-05 13:04:45.695861 | INFO |out of memory | 3sec  
2025-01-05 13:04:45.760166 | DEBUG |successful | 1sec  
2025-01-05 13:04:45.831569 | DEBUG |server timeout | 4sec  
2025-01-05 13:04:45.856387 | WARN |server timeout | 1sec  
2025-01-05 13:04:45.891494 | ERROR |timedout | 2sec  
2025-01-05 13:04:45.948001 | INFO |successful | 3sec  
2025-01-05 13:04:46.004642 | INFO |successful | 2sec  
2025-01-05 13:04:46.065679 | DEBUG |server timeout | 2sec  
2025-01-05 13:04:46.158377 | DEBUG |server timeout | 2sec  
2025-01-05 13:04:46.212870 | ERROR |successful | 1sec  
2025-01-05 13:04:46.299619 | DEBUG |timedout | 1sec  
2025-01-05 13:04:46.398188 | DEBUG |successful | 2sec  
2025-01-05 13:04:46.486044 | ERROR |successful | 4sec  
2025-01-05 13:04:46.585355 | INFO |out of memory | 1sec  
2025-01-05 13:04:46.645331 | ERROR |timedout | 4sec  
2025-01-05 13:04:46.675145 | ERROR |timedout | 1sec  
2025-01-05 13:04:46.736337 | DEBUG |server timeout | 5sec  
2025-01-05 13:04:46.761326 | WARN |timedout | 5sec  
2025-01-05 13:04:46.779043 | ERROR |server timeout | 1sec  
2025-01-05 13:04:46.879792 | ERROR |server timeout | 5sec  
2025-01-05 13:04:46.970971 | INFO |timedout | 1sec  
2025-01-05 13:04:47.033498 | ERROR |successful | 1sec  
2025-01-05 13:04:47.095927 | INFO |server timeout | 3sec  
2025-01-05 13:04:47.131448 | DEBUG |successful | 4sec  
2025-01-05 13:04:47.161435 | WARN |timedout | 5sec  
2025-01-05 13:04:47.174749 | INFO |successful | 1sec  
2025-01-05 13:04:47.215967 | DEBUG |server timeout | 5sec  
2025-01-05 13:04:47.234714 | ERROR |successful | 5sec  
2025-01-05 13:04:47.297030 | WARN |server timeout | 3sec  
2025-01-05 13:04:47.349028 | INFO |out of memory | 3sec  
2025-01-05 13:04:47.383040 | DEBUG |out of memory | 4sec  
2025-01-05 13:04:47.456675 | INFO |timedout | 1sec  
2025-01-05 13:04:47.515162 | WARN |timedout | 2sec  
2025-01-05 13:04:47.595152 | ERROR |timedout | 3sec  
2025-01-05 13:04:47.647964 | ERROR |successful | 2sec  
2025-01-05 13:04:47.699021 | DEBUG |successful | 3sec  
2025-01-05 13:04:47.725764 | WARN |server timeout | 3sec  
2025-01-05 13:04:47.771164 | ERROR |server timeout | 4sec  
2025-01-05 13:04:47.838967 | ERROR |successful | 1sec  
2025-01-05 13:04:47.898964 | WARN |server timeout | 5sec  
2025-01-05 13:04:47.927762 | WARN |successful | 1sec  
2025-01-05 13:04:47.957097 | ERROR |server timeout | 3sec  
2025-01-05 13:04:47.986578 | DEBUG |out of memory | 2sec  
2025-01-05 13:04:48.033458 | DEBUG |server timeout | 2sec  
2025-01-05 13:04:48.102112 | INFO |timedout | 2sec  
2025-01-05 13:04:48.118219 | DEBUG |successful | 2sec  
2025-01-05 13:04:48.202219 | INFO |server timeout | 1sec  
2025-01-05 13:04:48.290091 | ERROR |successful | 2sec  
2025-01-05 13:04:48.335342 | DEBUG |successful | 1sec  
2025-01-05 13:04:48.402796 | INFO |timedout | 2sec  
2025-01-05 13:04:48.506842 | INFO |successful | 3sec  
2025-01-05 13:04:48.561308 | INFO |timedout | 2sec  
2025-01-05 13:04:48.603723 | DEBUG |server timeout | 4sec  
2025-01-05 13:04:48.688078 | WARN |server timeout | 1sec  
2025-01-05 13:04:48.733452 | ERROR |server timeout | 3sec  
2025-01-05 13:04:48.791896 | WARN |timedout | 5sec  
2025-01-05 13:04:48.836188 | INFO |successful | 3sec  
2025-01-05 13:04:48.922993 | INFO |out of memory | 4sec  
2025-01-05 13:04:48.934729 | INFO |server timeout | 1sec  
2025-01-05 13:04:48.980177 | ERROR |server timeout | 5sec  
2025-01-05 13:04:49.080506 | INFO |server timeout | 2sec  
2025-01-05 13:04:49.134400 | WARN |timedout | 1sec  
2025-01-05 13:04:49.194721 | INFO |timedout | 5sec  
2025-01-05 13:04:49.290432 | INFO |successful | 5sec  
2025-01-05 13:04:49.346403 | DEBUG |out of memory | 1sec  
2025-01-05 13:04:49.404001 | WARN |timedout | 3sec  
2025-01-05 13:04:49.485450 | ERROR |server timeout | 4sec  
2025-01-05 13:04:49.555080 | INFO |timedout | 2sec  
2025-01-05 13:04:49.567540 | DEBUG |timedout | 5sec  
2025-01-05 13:04:49.589062 | WARN |successful | 4sec  
2025-01-05 13:04:49.646993 | WARN |server timeout | 5sec  
2025-01-05 13:04:49.714595 | ERROR |out of memory | 5sec  
2025-01-05 13:04:49.811797 | ERROR |timedout | 2sec  
2025-01-05 13:04:49.897002 | ERROR |successful | 2sec  
2025-01-05 13:04:49.930470 | WARN |successful | 2sec  
2025-01-05 13:04:50.006489 | INFO |server timeout | 2sec  
2025-01-05 13:04:50.081944 | INFO |server timeout | 5sec  
2025-01-05 13:04:50.116039 | WARN |timedout | 4sec  
2025-01-05 13:04:50.168045 | WARN |out of memory | 3sec  
2025-01-05 13:04:50.241396 | WARN |timedout | 1sec  
2025-01-05 13:04:50.346251 | DEBUG |successful | 3sec  
2025-01-05 13:04:50.446179 | WARN |successful | 1sec  
2025-01-05 13:04:50.472953 | DEBUG |timedout | 2sec  
2025-01-05 13:04:50.544180 | ERROR |out of memory | 4sec  
2025-01-05 13:04:50.605033 | INFO |out of memory | 3sec  
2025-01-05 13:04:50.635779 | DEBUG |timedout | 4sec  
2025-01-05 13:04:50.734554 | INFO |successful | 2sec  
2025-01-05 13:04:50.805198 | INFO |timedout | 4sec  
2025-01-05 13:04:50.864750 | DEBUG |server timeout | 2sec  
2025-01-05 13:04:50.902460 | ERROR |timedout | 1sec  
2025-01-05 13:04:50.948080 | ERROR |server timeout | 5sec  
2025-01-05 13:04:50.965532 | DEBUG |server timeout | 2sec  
2025-01-05 13:04:51.044749 | INFO |successful | 5sec  
2025-01-05 13:04:51.075096 | DEBUG |server timeout | 3sec  
2025-01-05 13:04:51.092868 | DEBUG |timedout | 4sec  
2025-01-05 13:04:51.114550 | DEBUG |out of memory | 5sec  
2025-01-05 13:04:51.159166 | DEBUG |successful | 2sec  
2025-01-05 13:04:51.222229 | ERROR |successful | 5sec  
2025-01-05 13:04:51.305968 | WARN |out of memory | 3sec  
2025-01-05 13:04:51.393412 | ERROR |out of memory | 4sec  
2025-01-05 13:04:51.466206 | ERROR |server timeout | 1sec  
2025-01-05 13:04:51.492324 | ERROR |timedout | 1sec  
2025-01-05 13:04:51.586489 | INFO |successful | 1sec  
2025-01-05 13:04:51.677070 | INFO |out of memory | 2sec  
2025-01-05 13:04:51.704256 | ERROR |out of memory | 5sec  
2025-01-05 13:04:51.806892 | WARN |timedout | 3sec  
2025-01-05 13:04:51.896373 | DEBUG |server timeout | 2sec  
2025-01-05 13:04:51.950913 | ERROR |server timeout | 5sec  
2025-01-05 13:04:51.999550 | WARN |server timeout | 2sec  
2025-01-05 13:04:52.101701 | DEBUG |out of memory | 1sec  
2025-01-05 13:04:52.176511 | WARN |out of memory | 3sec  
2025-01-05 13:04:52.206722 | WARN |out of memory | 5sec  
2025-01-05 13:04:52.256372 | INFO |timedout | 5sec  
2025-01-05 13:04:52.295244 | WARN |successful | 5sec  
2025-01-05 13:04:52.375848 | INFO |timedout | 3sec  
2025-01-05 13:04:52.465454 | ERROR |server timeout | 2sec  
2025-01-05 13:04:52.565014 | INFO |timedout | 3sec  
2025-01-05 13:04:52.578613 | DEBUG |server timeout | 5sec  
2025-01-05 13:04:52.634160 | WARN |server timeout | 5sec  
2025-01-05 13:04:52.695682 | DEBUG |server timeout | 1sec  
2025-01-05 13:04:52.732866 | ERROR |out of memory | 4sec  
2025-01-05 13:04:52.804750 | WARN |successful | 2sec  
2025-01-05 13:04:52.894124 | INFO |timedout | 4sec  
2025-01-05 13:04:52.966726 | INFO |successful | 5sec  
2025-01-05 13:04:53.026642 | ERROR |timedout | 4sec  
2025-01-05 13:04:53.113274 | ERROR |out of memory | 1sec  
2025-01-05 13:04:53.204742 | WARN |successful | 4sec  
2025-01-05 13:04:53.263054 | WARN |server timeout | 3sec  
2025-01-05 13:04:53.311568 | INFO |timedout | 4sec  
2025-01-05 13:04:53.335974 | DEBUG |timedout | 1sec  
2025-01-05 13:04:53.369249 | WARN |out of memory | 5sec  
2025-01-05 13:04:53.448201 | WARN |out of memory | 3sec  
2025-01-05 13:04:53.493371 | ERROR |successful | 1sec  
2025-01-05 13:04:53.565557 | INFO |timedout | 3sec  
2025-01-05 13:04:53.636056 | WARN |out of memory | 5sec  
2025-01-05 13:04:53.685617 | ERROR |timedout | 1sec  
2025-01-05 13:04:53.740802 | WARN |out of memory | 4sec  
2025-01-05 13:04:53.791624 | INFO |out of memory | 2sec  
2025-01-05 13:04:53.817362 | ERROR |server timeout | 1sec  
2025-01-05 13:04:53.860305 | DEBUG |out of memory | 1sec  
2025-01-05 13:04:53.953579 | ERROR |timedout | 5sec  
2025-01-05 13:04:54.039555 | ERROR |successful | 2sec  
2025-01-05 13:04:54.083045 | WARN |timedout | 4sec  
2025-01-05 13:04:54.125476 | ERROR |timedout | 3sec  
2025-01-05 13:04:54.192571 | INFO |out of memory | 5sec  
2025-01-05 13:04:54.233275 | WARN |timedout | 2sec  
2025-01-05 13:04:54.281689 | INFO |out of memory | 5sec  
2025-01-05 13:04:54.324946 | DEBUG |server timeout | 2sec  
2025-01-05 13:04:54.336324 | INFO |successful | 2sec  
2025-01-05 13:04:54.389823 | INFO |timedout | 5sec  
2025-01-05 13:04:54.447281 | DEBUG |successful | 3sec  
2025-01-05 13:04:54.547946 | INFO |successful | 2sec  
2025-01-05 13:04:54.631500 | WARN |successful | 4sec  
2025-01-05 13:04:54.691031 | WARN |out of memory | 4sec  
2025-01-05 13:04:54.752094 | ERROR |out of memory | 2sec  
2025-01-05 13:04:54.834729 | DEBUG |timedout | 1sec  
2025-01-05 13:04:54.927475 | DEBUG |timedout | 4sec  
2025-01-05 13:04:55.026236 | INFO |successful | 5sec  
2025-01-05 13:04:55.095370 | WARN |timedout | 4sec  
2025-01-05 13:04:55.108123 | WARN |successful | 3sec  
2025-01-05 13:04:55.169856 | WARN |out of memory | 2sec  
2025-01-05 13:04:55.211930 | INFO |timedout | 1sec  
2025-01-05 13:04:55.300156 | WARN |server timeout | 4sec  
2025-01-05 13:04:55.369924 | INFO |server timeout | 5sec  
2025-01-05 13:04:55.385617 | WARN |out of memory | 2sec  
2025-01-05 13:04:55.475839 | DEBUG |out of memory | 4sec  
2025-01-05 13:04:55.570531 | DEBUG |successful | 2sec  
2025-01-05 13:04:55.596637 | ERROR |timedout | 1sec  
2025-01-05 13:04:55.695570 | WARN |out of memory | 3sec  
2025-01-05 13:04:55.780059 | INFO |successful | 3sec  
2025-01-05 13:04:55.856311 | DEBUG |out of memory | 5sec  
2025-01-05 13:04:55.936113 | INFO |successful | 1sec  
2025-01-05 13:04:56.009397 | WARN |timedout | 4sec  
2025-01-05 13:04:56.059465 | INFO |out of memory | 2sec  
2025-01-05 13:04:56.106224 | INFO |out of memory | 5sec  
2025-01-05 13:04:56.136773 | ERROR |timedout | 4sec  
2025-01-05 13:04:56.181706 | INFO |server timeout | 3sec  
2025-01-05 13:04:56.215487 | WARN |successful | 4sec  
2025-01-05 13:04:56.250222 | INFO |successful | 1sec  
2025-01-05 13:04:56.272528 | WARN |successful | 3sec  
2025-01-05 13:04:56.368217 | ERROR |out of memory | 3sec  
2025-01-05 13:04:56.456255 | ERROR |timedout | 4sec  
2025-01-05 13:04:56.504697 | ERROR |successful | 5sec  
2025-01-05 13:04:56.544884 | ERROR |timedout | 2sec  
2025-01-05 13:04:56.566572 | INFO |out of memory | 5sec  
2025-01-05 13:04:56.671388 | ERROR |out of memory | 4sec  
2025-01-05 13:04:56.707790 | INFO |timedout | 2sec  
2025-01-05 13:04:56.798058 | DEBUG |timedout | 2sec  
2025-01-05 13:04:56.880759 | ERROR |successful | 1sec  
2025-01-05 13:04:56.958187 | INFO |successful | 3sec  
2025-01-05 13:04:56.985746 | WARN |server timeout | 4sec  
2025-01-05 13:04:57.055890 | INFO |timedout | 5sec  
2025-01-05 13:04:57.141230 | INFO |server timeout | 5sec  
2025-01-05 13:04:57.234260 | ERROR |server timeout | 2sec  
2025-01-05 13:04:57.322513 | WARN |timedout | 2sec  
2025-01-05 13:04:57.413023 | ERROR |successful | 4sec  
2025-01-05 13:04:57.484017 | ERROR |out of memory | 2sec  
2025-01-05 13:04:57.578304 | ERROR |successful | 2sec  
2025-01-05 13:04:57.626048 | ERROR |timedout | 3sec  
2025-01-05 13:04:57.650154 | DEBUG |server timeout | 1sec  
2025-01-05 13:04:57.663517 | INFO |timedout | 4sec  
2025-01-05 13:04:57.701256 | INFO |timedout | 4sec  
2025-01-05 13:04:57.731924 | ERROR |timedout | 3sec  
2025-01-05 13:04:57.799697 | WARN |out of memory | 2sec  
2025-01-05 13:04:57.814176 | DEBUG |server timeout | 1sec  
2025-01-05 13:04:57.887603 | INFO |server timeout | 1sec  
2025-01-05 13:04:57.908885 | DEBUG |timedout | 3sec  
2025-01-05 13:04:57.971425 | WARN |successful | 5sec  
2025-01-05 13:04:57.997556 | WARN |timedout | 1sec  
2025-01-05 13:04:58.035692 | INFO |successful | 4sec  
2025-01-05 13:04:58.135873 | ERROR |server timeout | 2sec  
2025-01-05 13:04:58.190980 | WARN |server timeout | 1sec  
2025-01-05 13:04:58.274691 | DEBUG |timedout | 3sec  
2025-01-05 13:04:58.347851 | DEBUG |out of memory | 5sec  
2025-01-05 13:04:58.424161 | INFO |successful | 4sec  
2025-01-05 13:04:58.527546 | DEBUG |server timeout | 2sec  
2025-01-05 13:04:58.626123 | INFO |server timeout | 4sec  
2025-01-05 13:04:58.681889 | ERROR |server timeout | 5sec  
2025-01-05 13:04:58.717830 | INFO |out of memory | 4sec  
2025-01-05 13:04:58.762247 | INFO |timedout | 1sec  
2025-01-05 13:04:58.819953 | DEBUG |server timeout | 3sec  
2025-01-05 13:04:58.921200 | ERROR |successful | 5sec  
2025-01-05 13:04:58.997869 | ERROR |timedout | 2sec  
2025-01-05 13:04:59.058680 | INFO |out of memory | 3sec  
2025-01-05 13:04:59.088001 | DEBUG |out of memory | 1sec  
2025-01-05 13:04:59.138000 | ERROR |successful | 3sec  
2025-01-05 13:04:59.156962 | INFO |server timeout | 3sec  
2025-01-05 13:04:59.185398 | ERROR |timedout | 1sec  
2025-01-05 13:04:59.208751 | ERROR |out of memory | 1sec  
2025-01-05 13:04:59.285106 | WARN |server timeout | 4sec  
2025-01-05 13:04:59.306692 | INFO |successful | 5sec  
2025-01-05 13:04:59.404776 | DEBUG |out of memory | 1sec  
2025-01-05 13:04:59.455532 | INFO |out of memory | 4sec  
2025-01-05 13:04:59.485050 | ERROR |successful | 4sec  
2025-01-05 13:04:59.508867 | INFO |server timeout | 1sec  
2025-01-05 13:04:59.595079 | INFO |successful | 4sec  
2025-01-05 13:04:59.609442 | DEBUG |timedout | 5sec  
2025-01-05 13:04:59.676470 | DEBUG |timedout | 3sec  
2025-01-05 13:04:59.776162 | DEBUG |timedout | 1sec  
2025-01-05 13:04:59.845033 | ERROR |server timeout | 3sec  
2025-01-05 13:04:59.865520 | ERROR |timedout | 3sec  
2025-01-05 13:04:59.904066 | WARN |successful | 5sec  
2025-01-05 13:04:59.975047 | INFO |out of memory | 5sec  
2025-01-05 13:05:00.018750 | INFO |out of memory | 2sec  
2025-01-05 13:05:00.112864 | DEBUG |out of memory | 4sec  
2025-01-05 13:05:00.172872 | ERROR |successful | 3sec  
2025-01-05 13:05:00.274929 | INFO |timedout | 5sec  
2025-01-05 13:05:00.376368 | INFO |server timeout | 2sec  
2025-01-05 13:05:00.456361 | DEBUG |server timeout | 3sec  
2025-01-05 13:05:00.525298 | ERROR |successful | 3sec  
2025-01-05 13:05:00.587881 | WARN |server timeout | 2sec  
2025-01-05 13:05:00.636704 | DEBUG |timedout | 3sec  
2025-01-05 13:05:00.685275 | WARN |successful | 2sec  
2025-01-05 13:05:00.757202 | DEBUG |timedout | 5sec  
2025-01-05 13:05:00.814743 | WARN |timedout | 5sec  
2025-01-05 13:05:00.907673 | ERROR |timedout | 5sec  
2025-01-05 13:05:00.981606 | INFO |server timeout | 1sec  
2025-01-05 13:05:01.082295 | ERROR |timedout | 5sec  
2025-01-05 13:05:01.173252 | INFO |server timeout | 4sec  
2025-01-05 13:05:01.263016 | WARN |successful | 5sec  
2025-01-05 13:05:01.300608 | WARN |out of memory | 5sec  
2025-01-05 13:05:01.334421 | WARN |server timeout | 4sec  
2025-01-05 13:05:01.393127 | WARN |out of memory | 4sec  
2025-01-05 13:05:01.408472 | WARN |server timeout | 5sec  
2025-01-05 13:05:01.482304 | ERROR |timedout | 3sec  
2025-01-05 13:05:01.515657 | WARN |successful | 4sec  
2025-01-05 13:05:01.554556 | ERROR |successful | 5sec  
2025-01-05 13:05:01.657476 | ERROR |timedout | 4sec  
2025-01-05 13:05:01.670814 | DEBUG |timedout | 4sec  
2025-01-05 13:05:01.770360 | DEBUG |successful | 1sec  
2025-01-05 13:05:01.797924 | INFO |successful | 1sec  
2025-01-05 13:05:01.864594 | ERROR |out of memory | 4sec  
2025-01-05 13:05:01.881082 | WARN |out of memory | 2sec  
2025-01-05 13:05:01.927605 | DEBUG |timedout | 3sec  
2025-01-05 13:05:02.026538 | WARN |server timeout | 5sec  
2025-01-05 13:05:02.040494 | INFO |out of memory | 5sec  
2025-01-05 13:05:02.112799 | DEBUG |timedout | 5sec  
2025-01-05 13:05:02.160607 | INFO |out of memory | 2sec  
2025-01-05 13:05:02.178499 | DEBUG |timedout | 1sec  
2025-01-05 13:05:02.233543 | WARN |timedout | 2sec  
2025-01-05 13:05:02.266180 | WARN |timedout | 4sec  
2025-01-05 13:05:02.343231 | INFO |timedout | 2sec  
2025-01-05 13:05:02.399003 | INFO |server timeout | 4sec  
2025-01-05 13:05:02.466590 | WARN |out of memory | 1sec  
2025-01-05 13:05:02.527640 | DEBUG |timedout | 4sec  
2025-01-05 13:05:02.612915 | INFO |server timeout | 1sec  
2025-01-05 13:05:02.682186 | ERROR |successful | 4sec  
2025-01-05 13:05:02.754778 | INFO |successful | 2sec  
2025-01-05 13:05:02.828242 | DEBUG |out of memory | 1sec  
2025-01-05 13:05:02.843802 | ERROR |successful | 5sec  
2025-01-05 13:05:02.879314 | DEBUG |server timeout | 1sec  
2025-01-05 13:05:02.945023 | INFO |successful | 4sec  
2025-01-05 13:05:02.964534 | DEBUG |successful | 1sec  
2025-01-05 13:05:03.039860 | DEBUG |timedout | 5sec  
2025-01-05 13:05:03.071529 | DEBUG |server timeout | 3sec  
2025-01-05 13:05:03.107957 | ERROR |timedout | 3sec  
2025-01-05 13:05:03.210481 | INFO |out of memory | 1sec  
2025-01-05 13:05:03.306252 | WARN |successful | 4sec  
2025-01-05 13:05:03.406246 | DEBUG |successful | 1sec  
2025-01-05 13:05:03.455578 | INFO |successful | 1sec  
2025-01-05 13:05:03.527911 | DEBUG |successful | 1sec  
2025-01-05 13:05:03.572485 | WARN |out of memory | 4sec  
2025-01-05 13:05:03.664826 | ERROR |timedout | 2sec  
2025-01-05 13:05:03.713075 | WARN |timedout | 4sec  
2025-01-05 13:05:03.770174 | ERROR |server timeout | 2sec  
2025-01-05 13:05:03.864284 | ERROR |timedout | 5sec  
2025-01-05 13:05:03.879761 | INFO |server timeout | 2sec  
2025-01-05 13:05:03.927579 | DEBUG |server timeout | 2sec  
2025-01-05 13:05:04.021096 | WARN |server timeout | 2sec  
2025-01-05 13:05:04.069537 | INFO |server timeout | 2sec  
2025-01-05 13:05:04.106794 | INFO |out of memory | 1sec  
2025-01-05 13:05:04.157061 | ERROR |successful | 2sec  
2025-01-05 13:05:04.209303 | INFO |server timeout | 4sec  
2025-01-05 13:05:04.235637 | INFO |out of memory | 1sec  
2025-01-05 13:05:04.324825 | ERROR |timedout | 1sec  
2025-01-05 13:05:04.365078 | INFO |timedout | 4sec  
2025-01-05 13:05:04.394427 | WARN |timedout | 2sec  
2025-01-05 13:05:04.444689 | ERROR |out of memory | 4sec  
2025-01-05 13:05:04.516891 | DEBUG |server timeout | 1sec  
2025-01-05 13:05:04.598923 | INFO |successful | 3sec  
2025-01-05 13:05:04.635518 | ERROR |successful | 5sec  
2025-01-05 13:05:04.708965 | DEBUG |out of memory | 4sec  
2025-01-05 13:05:04.757186 | DEBUG |successful | 3sec  
2025-01-05 13:05:04.794685 | INFO |out of memory | 5sec  
2025-01-05 13:05:04.822207 | WARN |timedout | 1sec  
2025-01-05 13:05:04.835588 | DEBUG |timedout | 2sec  
2025-01-05 13:05:04.913492 | INFO |out of memory | 4sec  
2025-01-05 13:05:04.935510 | ERROR |timedout | 5sec  
2025-01-05 13:05:05.025988 | DEBUG |successful | 2sec  
2025-01-05 13:05:05.113528 | WARN |out of memory | 5sec  
2025-01-05 13:05:05.156475 | DEBUG |timedout | 1sec  
2025-01-05 13:05:05.228259 | INFO |server timeout | 2sec  
2025-01-05 13:05:05.290277 | WARN |successful | 1sec  
2025-01-05 13:05:05.330724 | ERROR |server timeout | 2sec  
2025-01-05 13:05:05.423956 | ERROR |successful | 4sec  
2025-01-05 13:05:05.507470 | ERROR |timedout | 3sec  
2025-01-05 13:05:05.597508 | WARN |server timeout | 1sec  
2025-01-05 13:05:05.609322 | ERROR |successful | 2sec  
2025-01-05 13:05:05.668953 | INFO |server timeout | 3sec  
2025-01-05 13:05:05.726160 | ERROR |out of memory | 3sec  
2025-01-05 13:05:05.804866 | DEBUG |timedout | 3sec  
2025-01-05 13:05:05.894689 | ERROR |server timeout | 1sec  
2025-01-05 13:05:05.967408 | WARN |successful | 4sec  
2025-01-05 13:05:06.020317 | INFO |successful | 5sec  
2025-01-05 13:05:06.063530 | DEBUG |server timeout | 5sec  
2025-01-05 13:05:06.118760 | WARN |timedout | 2sec  
2025-01-05 13:05:06.177012 | DEBUG |successful | 1sec  
2025-01-05 13:05:06.271547 | INFO |successful | 4sec  
2025-01-05 13:05:06.343782 | WARN |out of memory | 1sec  
2025-01-05 13:05:06.415713 | INFO |server timeout | 3sec  
2025-01-05 13:05:06.459226 | WARN |out of memory | 4sec  
2025-01-05 13:05:06.555158 | INFO |server timeout | 4sec  
2025-01-05 13:05:06.603524 | WARN |server timeout | 3sec  
2025-01-05 13:05:06.645629 | INFO |out of memory | 2sec  
2025-01-05 13:05:06.719245 | INFO |successful | 2sec  
2025-01-05 13:05:06.748252 | ERROR |server timeout | 1sec  
2025-01-05 13:05:06.807030 | ERROR |successful | 2sec  
2025-01-05 13:05:06.879584 | WARN |successful | 5sec  
2025-01-05 13:05:06.965000 | INFO |timedout | 3sec  
2025-01-05 13:05:07.068820 | WARN |timedout | 4sec  
2025-01-05 13:05:07.095039 | DEBUG |out of memory | 3sec  
2025-01-05 13:05:07.178191 | WARN |successful | 1sec  
2025-01-05 13:05:07.203535 | WARN |out of memory | 4sec  
2025-01-05 13:05:07.227253 | ERROR |server timeout | 1sec  
2025-01-05 13:05:07.289261 | DEBUG |timedout | 3sec  
2025-01-05 13:05:07.315511 | WARN |timedout | 5sec  
2025-01-05 13:05:07.350557 | INFO |successful | 5sec  
2025-01-05 13:05:07.424688 | INFO |successful | 1sec  
2025-01-05 13:05:07.499436 | WARN |out of memory | 2sec  
2025-01-05 13:05:07.589586 | ERROR |server timeout | 1sec  
2025-01-05 13:05:07.675597 | INFO |timedout | 2sec  
2025-01-05 13:05:07.733055 | WARN |successful | 4sec  
2025-01-05 13:05:07.834688 | DEBUG |timedout | 2sec  
2025-01-05 13:05:07.914699 | ERROR |server timeout | 4sec  
2025-01-05 13:05:07.948830 | DEBUG |out of memory | 1sec  
2025-01-05 13:05:08.043055 | WARN |timedout | 2sec  
2025-01-05 13:05:08.115336 | DEBUG |out of memory | 2sec  
2025-01-05 13:05:08.165402 | WARN |out of memory | 3sec  
2025-01-05 13:05:08.256235 | DEBUG |timedout | 4sec  
2025-01-05 13:05:08.281803 | DEBUG |server timeout | 3sec  
2025-01-05 13:05:08.371887 | WARN |out of memory | 5sec  
2025-01-05 13:05:08.408997 | INFO |timedout | 5sec  
2025-01-05 13:05:08.436845 | WARN |server timeout | 5sec  
2025-01-05 13:05:08.479565 | ERROR |out of memory | 2sec  
2025-01-05 13:05:08.531227 | INFO |successful | 2sec  
2025-01-05 13:05:08.620575 | WARN |timedout | 4sec  
2025-01-05 13:05:08.694734 | DEBUG |timedout | 4sec  
2025-01-05 13:05:08.781856 | ERROR |out of memory | 5sec  
2025-01-05 13:05:08.824493 | INFO |timedout | 4sec  
2025-01-05 13:05:08.860213 | WARN |successful | 2sec  
2025-01-05 13:05:08.949864 | DEBUG |server timeout | 2sec  
2025-01-05 13:05:09.012206 | INFO |timedout | 5sec  
2025-01-05 13:05:09.098481 | ERROR |server timeout | 2sec  
2025-01-05 13:05:09.111760 | INFO |timedout | 4sec  
2025-01-05 13:05:09.178156 | WARN |out of memory | 1sec  
2025-01-05 13:05:09.265034 | WARN |out of memory | 2sec  
2025-01-05 13:05:09.359516 | DEBUG |successful | 4sec  
2025-01-05 13:05:09.425891 | INFO |successful | 5sec  
2025-01-05 13:05:09.522268 | WARN |successful | 5sec  
2025-01-05 13:05:09.616495 | WARN |server timeout | 1sec  
2025-01-05 13:05:09.642354 | WARN |server timeout | 4sec  
2025-01-05 13:05:09.716176 | INFO |server timeout | 4sec  
2025-01-05 13:05:09.744717 | DEBUG |server timeout | 1sec  
2025-01-05 13:05:09.770139 | INFO |successful | 1sec  
2025-01-05 13:05:09.844876 | WARN |server timeout | 1sec  
2025-01-05 13:05:09.937082 | WARN |out of memory | 4sec  
2025-01-05 13:05:09.951057 | ERROR |out of memory | 2sec  
2025-01-05 13:05:10.047652 | ERROR |out of memory | 5sec  
2025-01-05 13:05:10.124418 | ERROR |out of memory | 4sec  
2025-01-05 13:05:10.157585 | ERROR |successful | 5sec  
2025-01-05 13:05:10.219979 | WARN |server timeout | 5sec  
2025-01-05 13:05:10.318967 | INFO |out of memory | 5sec  
2025-01-05 13:05:10.372869 | WARN |successful | 4sec  
2025-01-05 13:05:10.442032 | WARN |out of memory | 4sec  
2025-01-05 13:05:10.525239 | WARN |timedout | 2sec  
2025-01-05 13:05:10.605287 | ERROR |timedout | 5sec  
2025-01-05 13:05:10.644476 | DEBUG |timedout | 3sec  
2025-01-05 13:05:10.687807 | ERROR |out of memory | 2sec  
2025-01-05 13:05:10.711672 | DEBUG |server timeout | 4sec  
2025-01-05 13:05:10.797879 | INFO |successful | 4sec  
2025-01-05 13:05:10.809692 | ERROR |timedout | 2sec  
2025-01-05 13:05:10.884177 | INFO |server timeout | 2sec  
2025-01-05 13:05:10.911573 | ERROR |out of memory | 2sec  
2025-01-05 13:05:10.939918 | ERROR |successful | 2sec  
2025-01-05 13:05:10.981784 | WARN |timedout | 2sec  
2025-01-05 13:05:11.027887 | ERROR |server timeout | 4sec  
2025-01-05 13:05:11.119602 | ERROR |out of memory | 5sec  
2025-01-05 13:05:11.134654 | DEBUG |server timeout | 2sec  
2025-01-05 13:05:11.147820 | ERROR |timedout | 3sec  
2025-01-05 13:05:11.200298 | ERROR |server timeout | 5sec  
2025-01-05 13:05:11.299449 | WARN |out of memory | 2sec  
2025-01-05 13:05:11.404252 | DEBUG |server timeout | 1sec  
2025-01-05 13:05:11.491672 | ERROR |timedout | 5sec  
2025-01-05 13:05:11.525202 | INFO |timedout | 4sec  
2025-01-05 13:05:11.583528 | DEBUG |out of memory | 5sec  
2025-01-05 13:05:11.687927 | WARN |out of memory | 2sec  
2025-01-05 13:05:11.732843 | INFO |timedout | 5sec  
2025-01-05 13:05:11.777064 | ERROR |server timeout | 3sec  
2025-01-05 13:05:11.835709 | ERROR |successful | 2sec  
2025-01-05 13:05:11.871726 | ERROR |successful | 1sec  
2025-01-05 13:05:11.932164 | WARN |timedout | 5sec  
2025-01-05 13:05:12.029241 | ERROR |server timeout | 3sec  
2025-01-05 13:05:12.049515 | ERROR |successful | 2sec  
2025-01-05 13:05:12.078329 | DEBUG |timedout | 3sec  
2025-01-05 13:05:12.130602 | INFO |successful | 1sec  
2025-01-05 13:05:12.143699 | ERROR |out of memory | 3sec  
2025-01-05 13:05:12.198127 | INFO |timedout | 2sec  
2025-01-05 13:05:12.277317 | DEBUG |server timeout | 2sec  
2025-01-05 13:05:12.304677 | INFO |successful | 3sec  
2025-01-05 13:05:12.340317 | INFO |successful | 3sec  
2025-01-05 13:05:12.432611 | DEBUG |timedout | 5sec  
2025-01-05 13:05:12.504085 | ERROR |out of memory | 4sec  
2025-01-05 13:05:12.543530 | ERROR |timedout | 3sec  
2025-01-05 13:05:12.588878 | DEBUG |server timeout | 2sec  
2025-01-05 13:05:12.627149 | DEBUG |successful | 1sec  
2025-01-05 13:05:12.665995 | INFO |timedout | 1sec  
2025-01-05 13:05:12.750187 | DEBUG |timedout | 1sec  
2025-01-05 13:05:12.815528 | WARN |server timeout | 2sec  
2025-01-05 13:05:12.850249 | WARN |successful | 2sec  
2025-01-05 13:05:12.881185 | WARN |server timeout | 1sec  
2025-01-05 13:05:12.903212 | DEBUG |out of memory | 2sec  
2025-01-05 13:05:12.950594 | DEBUG |successful | 1sec  
2025-01-05 13:05:12.992859 | ERROR |server timeout | 2sec  
2025-01-05 13:05:13.053021 | WARN |out of memory | 5sec  
2025-01-05 13:05:13.085947 | WARN |out of memory | 2sec  
2025-01-05 13:05:13.107155 | INFO |server timeout | 3sec  
2025-01-05 13:05:13.197880 | ERROR |out of memory | 5sec  
2025-01-05 13:05:13.276510 | WARN |out of memory | 4sec  
2025-01-05 13:05:13.294656 | ERROR |server timeout | 4sec  
2025-01-05 13:05:13.334046 | ERROR |timedout | 5sec  
2025-01-05 13:05:13.375482 | DEBUG |successful | 4sec  
2025-01-05 13:05:13.465575 | ERROR |successful | 2sec  
2025-01-05 13:05:13.558687 | ERROR |timedout | 5sec  
2025-01-05 13:05:13.640571 | ERROR |timedout | 3sec  
2025-01-05 13:05:13.666912 | ERROR |successful | 5sec  
2025-01-05 13:05:13.685763 | WARN |server timeout | 1sec  
2025-01-05 13:05:13.717275 | ERROR |server timeout | 3sec  
2025-01-05 13:05:13.746875 | INFO |out of memory | 4sec  
2025-01-05 13:05:13.806443 | DEBUG |server timeout | 2sec  
2025-01-05 13:05:13.894721 | WARN |successful | 1sec  
2025-01-05 13:05:13.992563 | DEBUG |server timeout | 5sec  
2025-01-05 13:05:14.024918 | ERROR |server timeout | 1sec  
2025-01-05 13:05:14.121778 | DEBUG |out of memory | 2sec  
2025-01-05 13:05:14.206341 | ERROR |successful | 1sec  
2025-01-05 13:05:14.242007 | INFO |server timeout | 4sec  
2025-01-05 13:05:14.281619 | ERROR |successful | 4sec  
2025-01-05 13:05:14.336789 | DEBUG |out of memory | 3sec  
2025-01-05 13:05:14.437708 | INFO |out of memory | 1sec  
2025-01-05 13:05:14.464862 | DEBUG |successful | 5sec  
2025-01-05 13:05:14.526403 | ERROR |out of memory | 4sec  
2025-01-05 13:05:14.619970 | WARN |server timeout | 4sec  
2025-01-05 13:05:14.698407 | WARN |out of memory | 4sec  
2025-01-05 13:05:14.771248 | WARN |successful | 2sec  
2025-01-05 13:05:14.840362 | WARN |successful | 2sec  
2025-01-05 13:05:14.884714 | ERROR |out of memory | 1sec  
2025-01-05 13:05:14.923955 | INFO |out of memory | 2sec  
2025-01-05 13:05:14.986163 | DEBUG |out of memory | 2sec  
2025-01-05 13:05:15.045642 | ERROR |server timeout | 3sec  
2025-01-05 13:05:15.118723 | INFO |timedout | 4sec  
2025-01-05 13:05:15.158717 | ERROR |server timeout | 5sec  
2025-01-05 13:05:15.222949 | ERROR |out of memory | 5sec  
2025-01-05 13:05:15.325166 | DEBUG |successful | 3sec  
2025-01-05 13:05:15.353531 | DEBUG |timedout | 1sec  
2025-01-05 13:05:15.429454 | ERROR |server timeout | 3sec  
2025-01-05 13:05:15.498371 | WARN |out of memory | 4sec  
2025-01-05 13:05:15.597426 | INFO |server timeout | 2sec  
2025-01-05 13:05:15.646021 | ERROR |server timeout | 5sec  
2025-01-05 13:05:15.675347 | WARN |server timeout | 1sec  
2025-01-05 13:05:15.737887 | INFO |server timeout | 2sec  
2025-01-05 13:05:15.797836 | WARN |out of memory | 3sec  
2025-01-05 13:05:15.823598 | DEBUG |server timeout | 2sec  
2025-01-05 13:05:15.860945 | WARN |timedout | 2sec  
2025-01-05 13:05:15.921796 | ERROR |out of memory | 5sec  
2025-01-05 13:05:15.999687 | INFO |server timeout | 1sec  
2025-01-05 13:05:16.044853 | INFO |server timeout | 2sec  
2025-01-05 13:05:16.087446 | INFO |server timeout | 2sec  
2025-01-05 13:05:16.157349 | WARN |timedout | 2sec  
2025-01-05 13:05:16.171190 | ERROR |successful | 2sec  
2025-01-05 13:05:16.222093 | ERROR |server timeout | 1sec  
2025-01-05 13:05:16.293397 | INFO |server timeout | 5sec  
2025-01-05 13:05:16.376905 | WARN |successful | 5sec  
2025-01-05 13:05:16.388930 | INFO |server timeout | 4sec  
2025-01-05 13:05:16.452794 | WARN |successful | 5sec  
2025-01-05 13:05:16.535175 | DEBUG |successful | 2sec  
2025-01-05 13:05:16.603625 | DEBUG |server timeout | 1sec  
2025-01-05 13:05:16.680683 | DEBUG |out of memory | 3sec  
2025-01-05 13:05:16.742008 | ERROR |server timeout | 3sec  
2025-01-05 13:05:16.785479 | DEBUG |timedout | 2sec  
2025-01-05 13:05:16.856567 | ERROR |successful | 4sec  
2025-01-05 13:05:16.895224 | ERROR |server timeout | 4sec  
2025-01-05 13:05:16.927728 | ERROR |successful | 2sec  
2025-01-05 13:05:17.002584 | DEBUG |successful | 4sec  
2025-01-05 13:05:17.024953 | ERROR |timedout | 4sec  
2025-01-05 13:05:17.064133 | DEBUG |server timeout | 2sec  
2025-01-05 13:05:17.081386 | DEBUG |server timeout | 4sec  
2025-01-05 13:05:17.134218 | WARN |timedout | 4sec  
2025-01-05 13:05:17.193573 | INFO |out of memory | 3sec  
2025-01-05 13:05:17.210672 | WARN |out of memory | 1sec  
2025-01-05 13:05:17.248358 | WARN |timedout | 3sec  
2025-01-05 13:05:17.298447 | INFO |successful | 2sec  
2025-01-05 13:05:17.315113 | INFO |successful | 5sec  
2025-01-05 13:05:17.355209 | WARN |successful | 3sec  
2025-01-05 13:05:17.394651 | DEBUG |successful | 4sec  
2025-01-05 13:05:17.444942 | ERROR |successful | 1sec  
2025-01-05 13:05:17.506163 | INFO |successful | 2sec  
2025-01-05 13:05:17.560796 | DEBUG |successful | 1sec  
2025-01-05 13:05:17.649043 | INFO |successful | 5sec  
2025-01-05 13:05:17.691445 | INFO |successful | 1sec  
2025-01-05 13:05:17.715757 | INFO |out of memory | 2sec  
2025-01-05 13:05:17.782309 | INFO |server timeout | 3sec  
2025-01-05 13:05:17.840205 | ERROR |server timeout | 3sec  
2025-01-05 13:05:17.928280 | ERROR |out of memory | 4sec  
2025-01-05 13:05:17.978224 | DEBUG |timedout | 1sec  
2025-01-05 13:05:18.008203 | INFO |timedout | 4sec  
2025-01-05 13:05:18.058773 | DEBUG |out of memory | 5sec  
2025-01-05 13:05:18.100860 | DEBUG |timedout | 2sec  
2025-01-05 13:05:18.179785 | WARN |timedout | 4sec  
2025-01-05 13:05:18.250374 | WARN |out of memory | 2sec  
2025-01-05 13:05:18.282020 | DEBUG |out of memory | 2sec  
2025-01-05 13:05:18.356975 | ERROR |successful | 5sec  
2025-01-05 13:05:18.421495 | INFO |out of memory | 5sec  
2025-01-05 13:05:18.474262 | WARN |successful | 3sec  
2025-01-05 13:05:18.557797 | ERROR |timedout | 5sec  
2025-01-05 13:05:18.578568 | DEBUG |out of memory | 5sec  
2025-01-05 13:05:18.627655 | WARN |out of memory | 3sec  
2025-01-05 13:05:18.711808 | INFO |out of memory | 2sec  
2025-01-05 13:05:18.800607 | DEBUG |timedout | 4sec  
2025-01-05 13:05:18.884767 | INFO |timedout | 2sec  
2025-01-05 13:05:18.960380 | WARN |successful | 2sec  
2025-01-05 13:05:18.977732 | WARN |timedout | 4sec  
2025-01-05 13:05:19.029200 | INFO |out of memory | 4sec  
2025-01-05 13:05:19.118553 | ERROR |successful | 4sec  
2025-01-05 13:05:19.214721 | INFO |out of memory | 4sec  
2025-01-05 13:05:19.231534 | INFO |successful | 1sec  
2025-01-05 13:05:19.244339 | DEBUG |successful | 4sec  
2025-01-05 13:05:19.337163 | WARN |successful | 4sec  
2025-01-05 13:05:19.408455 | INFO |out of memory | 5sec  
2025-01-05 13:05:19.471541 | DEBUG |timedout | 5sec  
2025-01-05 13:05:19.574687 | DEBUG |successful | 5sec  
2025-01-05 13:05:19.648151 | ERROR |server timeout | 2sec  
2025-01-05 13:05:19.734755 | ERROR |successful | 5sec  
2025-01-05 13:05:19.815154 | DEBUG |timedout | 2sec  
2025-01-05 13:05:19.893522 | INFO |server timeout | 3sec  
2025-01-05 13:05:19.966162 | WARN |server timeout | 4sec  
2025-01-05 13:05:20.069635 | INFO |timedout | 3sec  
2025-01-05 13:05:20.160692 | INFO |timedout | 4sec  
2025-01-05 13:05:20.209593 | ERROR |timedout | 2sec  
2025-01-05 13:05:20.248224 | DEBUG |timedout | 3sec  
2025-01-05 13:05:20.292942 | ERROR |successful | 1sec  
2025-01-05 13:05:20.362859 | WARN |server timeout | 5sec  
2025-01-05 13:05:20.430376 | INFO |server timeout | 3sec  
2025-01-05 13:05:20.520383 | INFO |successful | 4sec  
2025-01-05 13:05:20.557092 | INFO |successful | 4sec  
2025-01-05 13:05:20.608104 | WARN |out of memory | 3sec  
2025-01-05 13:05:20.635209 | INFO |server timeout | 3sec  
2025-01-05 13:05:20.693003 | ERROR |timedout | 2sec  
2025-01-05 13:05:20.747386 | INFO |timedout | 4sec  
2025-01-05 13:05:20.771064 | INFO |successful | 2sec  
2025-01-05 13:05:20.829045 | ERROR |successful | 5sec  
2025-01-05 13:05:20.843864 | WARN |timedout | 4sec  
2025-01-05 13:05:20.899272 | ERROR |out of memory | 5sec  
2025-01-05 13:05:20.926404 | INFO |out of memory | 1sec  
2025-01-05 13:05:21.028457 | INFO |out of memory | 3sec  
2025-01-05 13:05:21.113825 | DEBUG |out of memory | 5sec  
2025-01-05 13:05:21.211524 | ERROR |server timeout | 4sec  
2025-01-05 13:05:21.286085 | INFO |timedout | 2sec  
2025-01-05 13:05:21.313802 | WARN |out of memory | 3sec  
2025-01-05 13:05:21.414483 | WARN |out of memory | 1sec  
2025-01-05 13:05:21.503815 | DEBUG |server timeout | 5sec  
2025-01-05 13:05:21.595909 | ERROR |timedout | 2sec  
2025-01-05 13:05:21.653495 | DEBUG |timedout | 3sec  
2025-01-05 13:05:21.755042 | ERROR |server timeout | 2sec  
2025-01-05 13:05:21.855078 | WARN |successful | 2sec  
2025-01-05 13:05:21.874626 | INFO |server timeout | 1sec  
2025-01-05 13:05:21.952476 | DEBUG |timedout | 4sec  
2025-01-05 13:05:22.049444 | DEBUG |server timeout | 1sec  
2025-01-05 13:05:22.117322 | INFO |server timeout | 4sec  
2025-01-05 13:05:22.151301 | WARN |server timeout | 1sec  
2025-01-05 13:05:22.255841 | ERROR |timedout | 3sec  
2025-01-05 13:05:22.278047 | INFO |server timeout | 1sec  
2025-01-05 13:05:22.362243 | INFO |out of memory | 3sec  
2025-01-05 13:05:22.390513 | INFO |successful | 2sec  
2025-01-05 13:05:22.411552 | INFO |server timeout | 2sec  
2025-01-05 13:05:22.483226 | DEBUG |timedout | 4sec  
2025-01-05 13:05:22.555102 | ERROR |out of memory | 2sec  
2025-01-05 13:05:22.625361 | INFO |server timeout | 1sec  
2025-01-05 13:05:22.643707 | WARN |successful | 2sec  
2025-01-05 13:05:22.724474 | ERROR |successful | 3sec  
2025-01-05 13:05:22.803699 | ERROR |successful | 5sec  
2025-01-05 13:05:22.891125 | ERROR |timedout | 1sec  
2025-01-05 13:05:22.981498 | ERROR |timedout | 1sec  
2025-01-05 13:05:23.077156 | INFO |server timeout | 1sec  
2025-01-05 13:05:23.108826 | INFO |server timeout | 3sec  
2025-01-05 13:05:23.178174 | DEBUG |successful | 3sec  
2025-01-05 13:05:23.257832 | ERROR |successful | 4sec  
2025-01-05 13:05:23.344728 | WARN |successful | 3sec  
2025-01-05 13:05:23.365244 | WARN |successful | 4sec  
2025-01-05 13:05:23.385585 | ERROR |timedout | 5sec  
2025-01-05 13:05:23.432658 | DEBUG |out of memory | 3sec  
2025-01-05 13:05:23.510850 | ERROR |timedout | 1sec  
2025-01-05 13:05:23.587475 | INFO |timedout | 2sec  
2025-01-05 13:05:23.609591 | ERROR |timedout | 3sec  
2025-01-05 13:05:23.654004 | INFO |timedout | 1sec  
2025-01-05 13:05:23.748824 | WARN |out of memory | 1sec  
2025-01-05 13:05:23.847902 | ERROR |successful | 4sec  
2025-01-05 13:05:23.869989 | WARN |server timeout | 3sec  
2025-01-05 13:05:23.958177 | ERROR |successful | 4sec  
2025-01-05 13:05:23.987036 | WARN |timedout | 3sec  
2025-01-05 13:05:24.059717 | DEBUG |timedout | 3sec  
2025-01-05 13:05:24.144734 | WARN |timedout | 1sec  
2025-01-05 13:05:24.156398 | INFO |out of memory | 1sec  
2025-01-05 13:05:24.203253 | DEBUG |successful | 4sec  
2025-01-05 13:05:24.248876 | ERROR |timedout | 2sec  
2025-01-05 13:05:24.349345 | ERROR |out of memory | 5sec  
2025-01-05 13:05:24.406437 | DEBUG |successful | 3sec  
2025-01-05 13:05:24.422510 | DEBUG |timedout | 2sec  
2025-01-05 13:05:24.493120 | ERROR |out of memory | 1sec  
2025-01-05 13:05:24.551781 | DEBUG |server timeout | 2sec  
2025-01-05 13:05:24.646663 | WARN |out of memory | 2sec  
2025-01-05 13:05:24.660803 | ERROR |out of memory | 1sec  
2025-01-05 13:05:24.678073 | DEBUG |out of memory | 2sec  
2025-01-05 13:05:24.775127 | ERROR |successful | 5sec  
2025-01-05 13:05:24.844543 | INFO |successful | 4sec  
2025-01-05 13:05:24.870634 | INFO |server timeout | 2sec  
2025-01-05 13:05:24.955310 | WARN |timedout | 5sec  
2025-01-05 13:05:24.977550 | WARN |out of memory | 1sec  
2025-01-05 13:05:25.036209 | ERROR |out of memory | 1sec  
2025-01-05 13:05:25.079021 | ERROR |out of memory | 3sec  
2025-01-05 13:05:25.160871 | ERROR |successful | 1sec  
2025-01-05 13:05:25.219078 | ERROR |server timeout | 2sec  
2025-01-05 13:05:25.264657 | DEBUG |successful | 3sec  
2025-01-05 13:05:25.325687 | WARN |server timeout | 3sec  
2025-01-05 13:05:25.383466 | WARN |timedout | 4sec  
2025-01-05 13:05:25.426053 | ERROR |out of memory | 1sec  
2025-01-05 13:05:25.478433 | INFO |successful | 3sec  
2025-01-05 13:05:25.559156 | WARN |successful | 1sec  
2025-01-05 13:05:25.660009 | DEBUG |out of memory | 3sec  
2025-01-05 13:05:25.747788 | DEBUG |successful | 2sec  
2025-01-05 13:05:25.804145 | ERROR |server timeout | 5sec  
2025-01-05 13:05:25.890976 | WARN |timedout | 1sec  
2025-01-05 13:05:25.910182 | ERROR |out of memory | 1sec  
2025-01-05 13:05:25.967050 | WARN |successful | 4sec  
2025-01-05 13:05:25.994176 | WARN |successful | 3sec  
2025-01-05 13:05:26.068843 | DEBUG |server timeout | 3sec  
2025-01-05 13:05:26.165978 | DEBUG |server timeout | 5sec  
2025-01-05 13:05:26.255061 | INFO |out of memory | 2sec  
2025-01-05 13:05:26.306562 | DEBUG |timedout | 5sec  
2025-01-05 13:05:26.336437 | ERROR |server timeout | 4sec  
2025-01-05 13:05:26.436765 | ERROR |successful | 4sec  
2025-01-05 13:05:26.528067 | INFO |server timeout | 2sec  
2025-01-05 13:05:26.628718 | WARN |successful | 4sec  
2025-01-05 13:05:26.672911 | WARN |timedout | 2sec  
2025-01-05 13:05:26.750889 | ERROR |out of memory | 4sec  
2025-01-05 13:05:26.819979 | WARN |server timeout | 2sec  
2025-01-05 13:05:26.880938 | WARN |successful | 1sec  
2025-01-05 13:05:26.894714 | INFO |successful | 4sec  
2025-01-05 13:05:26.916354 | ERROR |out of memory | 4sec  
2025-01-05 13:05:26.961455 | DEBUG |out of memory | 2sec  
2025-01-05 13:05:27.027041 | ERROR |out of memory | 3sec  
2025-01-05 13:05:27.092489 | ERROR |out of memory | 5sec  
2025-01-05 13:05:27.190177 | DEBUG |out of memory | 3sec  
2025-01-05 13:05:27.281571 | INFO |server timeout | 3sec  
2025-01-05 13:05:27.337877 | ERROR |server timeout | 4sec  
2025-01-05 13:05:27.375223 | ERROR |successful | 3sec  
2025-01-05 13:05:27.456227 | WARN |successful | 5sec  
2025-01-05 13:05:27.556193 | DEBUG |timedout | 5sec  
2025-01-05 13:05:27.660237 | INFO |successful | 4sec  
2025-01-05 13:05:27.710885 | ERROR |timedout | 2sec  
2025-01-05 13:05:27.809725 | ERROR |successful | 2sec  
2025-01-05 13:05:27.888944 | INFO |server timeout | 1sec  
2025-01-05 13:05:27.969638 | INFO |successful | 4sec  
2025-01-05 13:05:28.022868 | WARN |timedout | 4sec  
2025-01-05 13:05:28.041283 | DEBUG |out of memory | 4sec  
2025-01-05 13:05:28.073931 | DEBUG |server timeout | 2sec  
2025-01-05 13:05:28.100565 | DEBUG |out of memory | 2sec  
2025-01-05 13:05:28.194647 | INFO |out of memory | 3sec  
2025-01-05 13:05:28.231477 | ERROR |server timeout | 1sec  
2025-01-05 13:05:28.298681 | INFO |successful | 4sec  
2025-01-05 13:05:28.374665 | DEBUG |successful | 3sec  
2025-01-05 13:05:28.468947 | DEBUG |successful | 5sec  
2025-01-05 13:05:28.531551 | DEBUG |successful | 1sec  
2025-01-05 13:05:28.585335 | ERROR |server timeout | 2sec  
2025-01-05 13:05:28.633712 | INFO |successful | 4sec  
2025-01-05 13:05:28.652511 | ERROR |timedout | 5sec  
2025-01-05 13:05:28.692630 | INFO |timedout | 3sec  
2025-01-05 13:05:28.758354 | ERROR |server timeout | 3sec  
2025-01-05 13:05:28.795095 | INFO |out of memory | 3sec  
2025-01-05 13:05:28.885997 | DEBUG |server timeout | 1sec  
2025-01-05 13:05:28.906324 | INFO |successful | 4sec  
2025-01-05 13:05:28.962122 | INFO |timedout | 5sec  
2025-01-05 13:05:29.047923 | DEBUG |out of memory | 2sec  
2025-01-05 13:05:29.059811 | ERROR |out of memory | 3sec  
2025-01-05 13:05:29.093415 | DEBUG |successful | 2sec  
2025-01-05 13:05:29.187133 | INFO |timedout | 3sec  
2025-01-05 13:05:29.222283 | INFO |timedout | 2sec  
2025-01-05 13:05:29.305488 | INFO |successful | 2sec  
2025-01-05 13:05:29.347403 | DEBUG |out of memory | 3sec  
2025-01-05 13:05:29.359790 | WARN |timedout | 4sec  
2025-01-05 13:05:29.429997 | INFO |timedout | 4sec  
2025-01-05 13:05:29.528571 | INFO |successful | 4sec  
2025-01-05 13:05:29.587844 | ERROR |server timeout | 2sec  
2025-01-05 13:05:29.661728 | DEBUG |timedout | 1sec  
2025-01-05 13:05:29.680804 | WARN |successful | 2sec  
2025-01-05 13:05:29.727483 | ERROR |successful | 2sec  
2025-01-05 13:05:29.780804 | ERROR |successful | 3sec  
2025-01-05 13:05:29.832425 | DEBUG |out of memory | 4sec  
2025-01-05 13:05:29.902588 | ERROR |timedout | 5sec  
2025-01-05 13:05:29.933249 | ERROR |out of memory | 1sec  
2025-01-05 13:05:29.947826 | DEBUG |out of memory | 2sec  
2025-01-05 13:05:30.047461 | INFO |successful | 3sec  
2025-01-05 13:05:30.116449 | WARN |out of memory | 1sec  
2025-01-05 13:05:30.128889 | INFO |out of memory | 3sec  
2025-01-05 13:05:30.176173 | INFO |out of memory | 5sec  
2025-01-05 13:05:30.239571 | INFO |successful | 5sec  
2025-01-05 13:05:30.263155 | ERROR |timedout | 2sec  
2025-01-05 13:05:30.346189 | INFO |server timeout | 1sec  
2025-01-05 13:05:30.448791 | WARN |out of memory | 1sec  
2025-01-05 13:05:30.486077 | DEBUG |out of memory | 2sec  
2025-01-05 13:05:30.521484 | DEBUG |out of memory | 2sec  
2025-01-05 13:05:30.585608 | DEBUG |out of memory | 4sec  
2025-01-05 13:05:30.666539 | DEBUG |out of memory | 3sec  
2025-01-05 13:05:30.730282 | WARN |server timeout | 1sec  
2025-01-05 13:05:30.790683 | ERROR |server timeout | 3sec  
2025-01-05 13:05:30.889067 | INFO |server timeout | 5sec  
2025-01-05 13:05:30.960391 | DEBUG |server timeout | 3sec  
2025-01-05 13:05:31.054726 | WARN |server timeout | 4sec  
2025-01-05 13:05:31.143451 | DEBUG |successful | 3sec  
2025-01-05 13:05:31.158847 | DEBUG |out of memory | 3sec  
2025-01-05 13:05:31.218846 | WARN |successful | 4sec  
2025-01-05 13:05:31.245086 | WARN |out of memory | 2sec  
2025-01-05 13:05:31.271459 | DEBUG |server timeout | 2sec  
2025-01-05 13:05:31.345313 | ERROR |out of memory | 5sec  
2025-01-05 13:05:31.412776 | DEBUG |successful | 2sec  
2025-01-05 13:05:31.443545 | WARN |successful | 2sec  
